<?xml version="1.0" encoding="UTF-8"?>
<!-- Generated by org.testng.reporters.JUnitReportReporter -->
<testsuite skipped="0" hostname="BLRKKANN469305" name="org.Restservices.RestwebservicesrunnerTest" tests="1" failures="0" timestamp="07 Feb 2018 04:56:14 GMT" time="2.893" errors="0">
  <testcase name="RegistrationSuccessful" time="2.893" classname="org.Restservices.RestwebservicesrunnerTest"/>
</testsuite> <!-- org.Restservices.RestwebservicesrunnerTest -->
