<?xml version="1.0" encoding="UTF-8"?>
<!-- Generated by org.testng.reporters.JUnitReportReporter -->
<testsuite skipped="0" hostname="BLRKKANN469305" name="org.Mytesting.VerficationTest" tests="3" failures="0" timestamp="10 Feb 2018 07:48:19 GMT" time="0.010" errors="0">
  <testcase name="test1" time="0.007" classname="org.Mytesting.VerficationTest"/>
  <testcase name="test3" time="0.001" classname="org.Mytesting.VerficationTest"/>
  <testcase name="test2" time="0.002" classname="org.Mytesting.VerficationTest"/>
</testsuite> <!-- org.Mytesting.VerficationTest -->
