<?xml version="1.0" encoding="UTF-8"?>
<!-- Generated by org.testng.reporters.JUnitReportReporter -->
<testsuite skipped="0" hostname="BLRKKANN469305" name="org.Mytesting.ClientLogicTest" tests="1" failures="0" timestamp="01 Feb 2018 09:20:05 GMT" time="42.568" errors="0">
  <testcase name="firstTest" time="42.568" classname="org.Mytesting.ClientLogicTest"/>
</testsuite> <!-- org.Mytesting.ClientLogicTest -->
