<?xml version="1.0" encoding="UTF-8"?>
<!-- Generated by org.testng.reporters.JUnitReportReporter -->
<testsuite skipped="0" hostname="BLRKKANN469305" name="org.Jmeterservices.JMeterFromScratch" tests="1" failures="0" timestamp="05 Feb 2018 09:32:20 GMT" time="0.499" errors="0">
  <testcase name="myTest" time="0.499" classname="org.Jmeterservices.JMeterFromScratch"/>
</testsuite> <!-- org.Jmeterservices.JMeterFromScratch -->
