<?xml version="1.0" encoding="UTF-8"?>
<!-- Generated by org.testng.reporters.JUnitReportReporter -->
<testsuite skipped="0" hostname="BLRKKANN469305" name="kamalTest" tests="1" failures="0" timestamp="08 Feb 2018 11:13:05 GMT" time="43.165" errors="0">
  <testcase name="myTest" time="43.165" classname="kamalTest"/>
</testsuite> <!-- kamalTest -->
